common/build/intermediates/manifest_merge_blame_file/debug/manifest-merger-blame-debug-report.txt
1<?xml version="1.0" encoding="utf-8"?>
2<!--
3  ~ Copyright 2017 Google Inc. All rights reserved.
4  ~
5  ~ Licensed under the Apache License, Version 2.0 (the "License");
6  ~ you may not use this file except in compliance with the License.
7  ~ You may obtain a copy of the License at
8  ~
9  ~     http://www.apache.org/licenses/LICENSE-2.0
10  ~
11  ~ Unless required by applicable law or agreed to in writing, software
12  ~ distributed under the License is distributed on an "AS IS" BASIS,
13  ~ WITHOUT WARRANTIES OR CONDITIONS OF ANY KIND, either express or implied.
14  ~ See the License for the specific language governing permissions and
15  ~ limitations under the License.
16-->
17<manifest xmlns:android="http://schemas.android.com/apk/res/android"
18    package="com.example.android.uamp.media" >
19
20    <uses-sdk android:minSdkVersion="19" />
20-->src/main/AndroidManifest.xml
21
22    <uses-permission android:name="android.permission.FOREGROUND_SERVICE" />
22-->src/main/AndroidManifest.xml:21:5-77
22-->src/main/AndroidManifest.xml:21:22-74
23    <uses-permission android:name="android.permission.INTERNET" />
23-->src/main/AndroidManifest.xml:22:5-67
23-->src/main/AndroidManifest.xml:22:22-64
24
25    <application>
25-->src/main/AndroidManifest.xml:24:5-45:19
26
27        <!--
28             MediaSession, prior to API 21, uses a broadcast receiver to communicate with a
29             media session. It does not have to be this broadcast receiver, but it must
30             handle the action "android.intent.action.MEDIA_BUTTON".
31
32             Additionally, this is used to resume the service from an inactive state upon
33             receiving a media button event (such as "play").
34        -->
35        <receiver android:name="androidx.media.session.MediaButtonReceiver" >
35-->src/main/AndroidManifest.xml:34:9-38:20
35-->src/main/AndroidManifest.xml:34:19-76
36            <intent-filter>
36-->src/main/AndroidManifest.xml:35:13-37:29
37                <action android:name="android.intent.action.MEDIA_BUTTON" />
37-->src/main/AndroidManifest.xml:36:17-77
37-->src/main/AndroidManifest.xml:36:25-74
38            </intent-filter>
39        </receiver>
40
41        <provider
41-->src/main/AndroidManifest.xml:40:9-43:39
42            android:name="com.example.android.uamp.media.library.AlbumArtContentProvider"
42-->src/main/AndroidManifest.xml:41:13-60
43            android:authorities="com.example.android.uamp"
43-->src/main/AndroidManifest.xml:42:13-59
44            android:exported="true" />
44-->src/main/AndroidManifest.xml:43:13-36
45    </application>
46
47</manifest>